[0mGET / [32m200 [0m227.974 ms - 293[0m
[0mGET /signup [32m200 [0m79.484 ms - 549[0m
[0mPOST /signup [31m500 [0m211.442 ms - 4[0m
[0mGET / [36m304 [0m38.203 ms - -[0m
[0mGET /login [33m404 [0m4.746 ms - 53[0m
[0mGET /login [33m404 [0m2.065 ms - 53[0m
[0mGET /signup [36m304 [0m38.769 ms - -[0m
[0mGET /signup [36m304 [0m264.745 ms - -[0m
[0mGET / [36m304 [0m76.382 ms - -[0m
[0mGET /signup [36m304 [0m55.880 ms - -[0m
[0mPOST /signup [31m500 [0m27.130 ms - 4[0m
[0mGET /signup [36m304 [0m253.558 ms - -[0m
[0mPOST /signup [31m500 [0m29.104 ms - 4[0m
[0mGET /signup [36m304 [0m251.821 ms - -[0m
[0mPOST /signup [31m500 [0m19.465 ms - 4[0m
[0mPOST /signup [31m500 [0m19.724 ms - 4[0m
[0mGET /favicon.ico [33m404 [0m3.078 ms - 53[0m
[0mPOST /signup [36m302 [0m91.180 ms - 58[0m
[0mGET / [32m200 [0m182.967 ms - 250[0m
[0mGET /favicon.ico [33m404 [0m2.176 ms - 53[0m
[0mGET / [32m200 [0m255.583 ms - 293[0m
[0mGET /signup [32m200 [0m82.868 ms - 549[0m
[0mPOST /signup [36m302 [0m25.664 ms - 58[0m
[0mGET / [32m200 [0m15.944 ms - 250[0m
[0mGET / [36m304 [0m37.454 ms - -[0m
[0mGET / [36m304 [0m27.761 ms - -[0m
[0mGET /logout [33m404 [0m2.382 ms - 53[0m
[0mGET / [36m304 [0m25.354 ms - -[0m
[0mGET / [32m200 [0m253.071 ms - 293[0m
[0mGET /login [33m404 [0m6.758 ms - 53[0m
[0mGET /login [32m200 [0m246.898 ms - 546[0m
[0mGET /signup [32m200 [0m82.931 ms - 549[0m
[0mGET /login [36m304 [0m38.495 ms - -[0m
[0mGET /signup [36m304 [0m45.516 ms - -[0m
[0mGET /login [36m304 [0m35.338 ms - -[0m
[0mGET /signup [36m304 [0m30.293 ms - -[0m
[0mGET /login [36m304 [0m29.914 ms - -[0m
[0mGET /login [36m304 [0m239.477 ms - -[0m
[0mGET /login [36m304 [0m69.086 ms - -[0m
[0mPOST /login [32m- [0m- ms - -[0m
[0mGET /signup [36m304 [0m43.753 ms - -[0m
[0mPOST /signup [36m302 [0m19.697 ms - 58[0m
[0mGET / [32m200 [0m28.704 ms - 250[0m
[0mGET / [32m200 [0m256.157 ms - 293[0m
[0mGET /signup [32m200 [0m79.766 ms - 549[0m
[0mPOST /signup [36m302 [0m54.593 ms - 58[0m
[0mGET / [32m200 [0m16.323 ms - 250[0m
[0mGET / [32m200 [0m243.691 ms - 293[0m
[0mGET /post/create [33m404 [0m10.672 ms - 53[0m
[0mGET /post [33m404 [0m3.272 ms - 53[0m
[0mGET /post/create [36m302 [0m23.485 ms - 68[0m
[0mGET /login [36m304 [0m241.021 ms - -[0m
[0mGET /login [36m304 [0m77.784 ms - -[0m
[0mGET /signup [32m200 [0m58.423 ms - 549[0m
[0mPOST /signup [36m302 [0m54.844 ms - 58[0m
[0mGET / [32m200 [0m43.284 ms - 292[0m
[0mGET /post/create [32m200 [0m34.861 ms - 466[0m
[0mPOST /post/create [31m500 [0m10.531 ms - 4[0m
[0mPOST /post/create [36m302 [0m43.783 ms - 68[0m
[0mGET /login [32m200 [0m194.254 ms - 546[0m
[0mGET /favicon.ico [33m404 [0m3.299 ms - 53[0m
[0mGET /signup [32m200 [0m77.254 ms - 549[0m
[0mPOST /signup [36m302 [0m30.057 ms - 58[0m
[0mGET / [36m304 [0m42.265 ms - -[0m
[0mGET /post/create [32m200 [0m35.618 ms - 466[0m
[0mPOST /post/create [31m500 [0m9.291 ms - 4[0m
[0mGET /post/create [36m302 [0m20.021 ms - 68[0m
[0mGET /login [36m304 [0m236.341 ms - -[0m
[0mGET /signup [32m200 [0m86.776 ms - 549[0m
[0mPOST /signup [36m302 [0m56.545 ms - 58[0m
[0mGET / [36m304 [0m36.028 ms - -[0m
[0mGET /post/create [32m200 [0m37.327 ms - 466[0m
[0mPOST /post/create [31m500 [0m6.689 ms - 4[0m
[0mGET /post/create [36m302 [0m18.715 ms - 68[0m
[0mGET /login [36m304 [0m219.726 ms - -[0m
[0mGET /signup [32m200 [0m93.122 ms - 549[0m
[0mPOST /signup [32m200 [0m76.721 ms - 621[0m
[0mPOST /signup [36m302 [0m22.317 ms - 58[0m
[0mGET / [36m304 [0m43.598 ms - -[0m
[0mGET /post/create [32m200 [0m43.789 ms - 466[0m
[0mGET /post/create [36m302 [0m16.062 ms - 68[0m
[0mGET /login [36m304 [0m215.359 ms - -[0m
[0mPOST /login [32m- [0m- ms - -[0m
[0mGET /signup [32m200 [0m31.854 ms - 549[0m
[0mPOST /signup [36m302 [0m28.124 ms - 58[0m
[0mGET / [36m304 [0m52.790 ms - -[0m
[0mGET /post/create [32m200 [0m33.939 ms - 466[0m
[0mGET / [32m200 [0m260.332 ms - 293[0m
[0mGET /login [36m304 [0m65.641 ms - -[0m
[0mPOST /login [32m- [0m- ms - -[0m
[0mGET /signup [32m200 [0m17.742 ms - 549[0m
[0mPOST /signup [36m302 [0m19.164 ms - 58[0m
[0mGET / [32m200 [0m26.728 ms - 292[0m
[0mGET /post/552392593863dcd11ea025b4 [33m404 [0m4.782 ms - 53[0m
[0mGET / [32m200 [0m244.384 ms - 293[0m
[0mGET /signup [32m200 [0m90.837 ms - 549[0m
[0mPOST /signup [36m302 [0m51.245 ms - 58[0m
[0mGET / [32m200 [0m26.657 ms - 292[0m
[0mGET /post/create [36m304 [0m42.809 ms - -[0m
[0mGET /post/552392593863dcd11ea025b4 [31m500 [0m9.669 ms - 4[0m
[0mGET /post/552392593863dcd11ea025b4 [32m200 [0m254.040 ms - 332[0m
[0mGET /signup [32m200 [0m86.867 ms - 549[0m
[0mPOST /signup [36m302 [0m53.882 ms - 58[0m
[0mGET / [36m304 [0m32.301 ms - -[0m
[0mGET /post/create [36m304 [0m42.171 ms - -[0m
[0mGET /post/create [36m302 [0m21.774 ms - 68[0m
[0mGET /login [36m304 [0m237.441 ms - -[0m
[0mGET /signup [32m200 [0m80.867 ms - 549[0m
[0mPOST /signup [36m302 [0m56.618 ms - 58[0m
[0mGET / [36m304 [0m46.201 ms - -[0m
[0mGET /post/create [32m200 [0m36.904 ms - 466[0m
[0mGET /post/create [36m302 [0m13.879 ms - 68[0m
[0mGET /login [36m304 [0m185.327 ms - -[0m
[0mPOST /login [32m200 [0m87.690 ms - 621[0m
[0mPOST /signup [36m302 [0m30.475 ms - 58[0m
[0mGET / [36m304 [0m34.627 ms - -[0m
[0mGET /post/create [32m200 [0m39.503 ms - 466[0m
[0mGET /post/create [36m302 [0m22.874 ms - 68[0m
[0mGET /login [32m200 [0m219.988 ms - 546[0m
[0mGET /signup [32m200 [0m88.775 ms - 549[0m
[0mPOST /signup [36m302 [0m38.958 ms - 58[0m
[0mGET / [36m304 [0m34.837 ms - -[0m
[0mGET /post/create [32m200 [0m29.132 ms - 466[0m
[0mGET /post/create [36m302 [0m20.613 ms - 68[0m
[0mGET /login [36m304 [0m231.363 ms - -[0m
[0mPOST /login [32m200 [0m76.213 ms - 621[0m
[0mPOST /signup [36m302 [0m19.626 ms - 58[0m
[0mGET / [36m304 [0m29.893 ms - -[0m
[0mGET /post/create [32m200 [0m38.912 ms - 466[0m
[0mGET /post/create [36m302 [0m21.564 ms - 68[0m
[0mGET /login [32m200 [0m232.014 ms - 546[0m
[0mGET /signup [32m200 [0m75.481 ms - 549[0m
[0mPOST /signup [36m302 [0m26.419 ms - 58[0m
[0mGET / [36m304 [0m26.363 ms - -[0m
[0mGET /post/create [32m200 [0m36.179 ms - 466[0m
[0mGET /post/create [36m302 [0m15.396 ms - 68[0m
[0mGET /login [36m304 [0m203.132 ms - -[0m
[0mGET /signup [32m200 [0m76.467 ms - 549[0m
[0mPOST /signup [36m302 [0m48.228 ms - 58[0m
[0mGET / [36m304 [0m34.337 ms - -[0m
[0mGET /post/552395a38e74ba981f898890 [32m200 [0m54.913 ms - 294[0m
[0mGET /post/552395a38e74ba981f898890 [32m200 [0m258.209 ms - 337[0m
[0mGET /signup [32m200 [0m82.332 ms - 549[0m
[0mPOST /signup [36m302 [0m39.659 ms - 58[0m
[0mGET / [36m304 [0m22.587 ms - -[0m
[0mGET /post/create [32m200 [0m46.031 ms - 466[0m
